{"/workspaces/VNEditor/VNEditor/src/RequestAPI.ts": {"path":"/workspaces/VNEditor/VNEditor/src/RequestAPI.ts","all":false,"statementMap":{"0":{"start":{"line":1,"column":0},"end":{"line":1,"column":50}},"1":{"start":{"line":2,"column":0},"end":{"line":2,"column":108}},"2":{"start":{"line":3,"column":0},"end":{"line":3,"column":0}},"3":{"start":{"line":4,"column":0},"end":{"line":4,"column":21}},"4":{"start":{"line":5,"column":0},"end":{"line":5,"column":31}},"5":{"start":{"line":6,"column":0},"end":{"line":6,"column":4}},"6":{"start":{"line":7,"column":0},"end":{"line":7,"column":14}},"7":{"start":{"line":8,"column":0},"end":{"line":8,"column":19}},"8":{"start":{"line":9,"column":0},"end":{"line":9,"column":30}},"9":{"start":{"line":10,"column":0},"end":{"line":10,"column":20}},"10":{"start":{"line":11,"column":0},"end":{"line":11,"column":28}},"11":{"start":{"line":12,"column":0},"end":{"line":12,"column":1}},"12":{"start":{"line":13,"column":0},"end":{"line":13,"column":3}},"13":{"start":{"line":14,"column":0},"end":{"line":14,"column":2}},"14":{"start":{"line":15,"column":0},"end":{"line":15,"column":60}},"15":{"start":{"line":16,"column":0},"end":{"line":16,"column":48}},"16":{"start":{"line":17,"column":0},"end":{"line":17,"column":36}},"17":{"start":{"line":18,"column":0},"end":{"line":18,"column":3}},"18":{"start":{"line":19,"column":0},"end":{"line":19,"column":89}},"19":{"start":{"line":20,"column":0},"end":{"line":20,"column":98}},"20":{"start":{"line":21,"column":0},"end":{"line":21,"column":42}},"21":{"start":{"line":22,"column":0},"end":{"line":22,"column":22}},"22":{"start":{"line":23,"column":0},"end":{"line":23,"column":17}},"23":{"start":{"line":24,"column":0},"end":{"line":24,"column":41}},"24":{"start":{"line":25,"column":0},"end":{"line":25,"column":30}},"25":{"start":{"line":26,"column":0},"end":{"line":26,"column":23}},"26":{"start":{"line":27,"column":0},"end":{"line":27,"column":43}},"27":{"start":{"line":28,"column":0},"end":{"line":28,"column":47}},"28":{"start":{"line":29,"column":0},"end":{"line":29,"column":52}},"29":{"start":{"line":30,"column":0},"end":{"line":30,"column":20}},"30":{"start":{"line":31,"column":0},"end":{"line":31,"column":15}},"31":{"start":{"line":32,"column":0},"end":{"line":32,"column":9}},"32":{"start":{"line":33,"column":0},"end":{"line":33,"column":5}},"33":{"start":{"line":34,"column":0},"end":{"line":34,"column":15}},"34":{"start":{"line":35,"column":0},"end":{"line":35,"column":1}},"35":{"start":{"line":36,"column":0},"end":{"line":36,"column":3}},"36":{"start":{"line":37,"column":0},"end":{"line":37,"column":45}},"37":{"start":{"line":38,"column":0},"end":{"line":38,"column":84}},"38":{"start":{"line":39,"column":0},"end":{"line":39,"column":74}},"39":{"start":{"line":40,"column":0},"end":{"line":40,"column":3}},"40":{"start":{"line":41,"column":0},"end":{"line":41,"column":78}},"41":{"start":{"line":42,"column":0},"end":{"line":42,"column":26}},"42":{"start":{"line":43,"column":0},"end":{"line":43,"column":89}},"43":{"start":{"line":44,"column":0},"end":{"line":44,"column":9}},"44":{"start":{"line":45,"column":0},"end":{"line":45,"column":57}},"45":{"start":{"line":46,"column":0},"end":{"line":46,"column":57}},"46":{"start":{"line":47,"column":0},"end":{"line":47,"column":54}},"47":{"start":{"line":48,"column":0},"end":{"line":48,"column":10}},"48":{"start":{"line":49,"column":0},"end":{"line":49,"column":57}},"49":{"start":{"line":50,"column":0},"end":{"line":50,"column":53}},"50":{"start":{"line":51,"column":0},"end":{"line":51,"column":25}},"51":{"start":{"line":52,"column":0},"end":{"line":52,"column":24}},"52":{"start":{"line":53,"column":0},"end":{"line":53,"column":25}},"53":{"start":{"line":54,"column":0},"end":{"line":54,"column":5}},"54":{"start":{"line":55,"column":0},"end":{"line":55,"column":1}},"55":{"start":{"line":56,"column":0},"end":{"line":56,"column":3}},"56":{"start":{"line":57,"column":0},"end":{"line":57,"column":60}},"57":{"start":{"line":58,"column":0},"end":{"line":58,"column":23}},"58":{"start":{"line":59,"column":0},"end":{"line":59,"column":87}},"59":{"start":{"line":60,"column":0},"end":{"line":60,"column":46}},"60":{"start":{"line":61,"column":0},"end":{"line":61,"column":3}},"61":{"start":{"line":62,"column":0},"end":{"line":62,"column":86}},"62":{"start":{"line":63,"column":0},"end":{"line":63,"column":9}},"63":{"start":{"line":64,"column":0},"end":{"line":64,"column":57}},"64":{"start":{"line":65,"column":0},"end":{"line":65,"column":64}},"65":{"start":{"line":66,"column":0},"end":{"line":66,"column":60}},"66":{"start":{"line":67,"column":0},"end":{"line":67,"column":10}},"67":{"start":{"line":68,"column":0},"end":{"line":68,"column":0}},"68":{"start":{"line":69,"column":0},"end":{"line":69,"column":37}},"69":{"start":{"line":70,"column":0},"end":{"line":70,"column":24}},"70":{"start":{"line":71,"column":0},"end":{"line":71,"column":18}},"71":{"start":{"line":72,"column":0},"end":{"line":72,"column":5}},"72":{"start":{"line":73,"column":0},"end":{"line":73,"column":1}},"73":{"start":{"line":74,"column":0},"end":{"line":74,"column":3}},"74":{"start":{"line":75,"column":0},"end":{"line":75,"column":2}},"75":{"start":{"line":76,"column":0},"end":{"line":76,"column":23}},"76":{"start":{"line":77,"column":0},"end":{"line":77,"column":87}},"77":{"start":{"line":78,"column":0},"end":{"line":78,"column":66}},"78":{"start":{"line":79,"column":0},"end":{"line":79,"column":47}},"79":{"start":{"line":80,"column":0},"end":{"line":80,"column":3}},"80":{"start":{"line":81,"column":0},"end":{"line":81,"column":100}},"81":{"start":{"line":82,"column":0},"end":{"line":82,"column":9}},"82":{"start":{"line":83,"column":0},"end":{"line":83,"column":38}},"83":{"start":{"line":84,"column":0},"end":{"line":84,"column":27}},"84":{"start":{"line":85,"column":0},"end":{"line":85,"column":65}},"85":{"start":{"line":86,"column":0},"end":{"line":86,"column":27}},"86":{"start":{"line":87,"column":0},"end":{"line":87,"column":63}},"87":{"start":{"line":88,"column":0},"end":{"line":88,"column":11}},"88":{"start":{"line":89,"column":0},"end":{"line":89,"column":30}},"89":{"start":{"line":90,"column":0},"end":{"line":90,"column":45}},"90":{"start":{"line":91,"column":0},"end":{"line":91,"column":24}},"91":{"start":{"line":92,"column":0},"end":{"line":92,"column":21}},"92":{"start":{"line":93,"column":0},"end":{"line":93,"column":5}},"93":{"start":{"line":94,"column":0},"end":{"line":94,"column":1}},"94":{"start":{"line":95,"column":0},"end":{"line":95,"column":3}},"95":{"start":{"line":96,"column":0},"end":{"line":96,"column":8}},"96":{"start":{"line":97,"column":0},"end":{"line":97,"column":11}},"97":{"start":{"line":98,"column":0},"end":{"line":98,"column":3}},"98":{"start":{"line":99,"column":0},"end":{"line":99,"column":56}},"99":{"start":{"line":100,"column":0},"end":{"line":100,"column":41}},"100":{"start":{"line":101,"column":0},"end":{"line":101,"column":14}},"101":{"start":{"line":102,"column":0},"end":{"line":102,"column":1}},"102":{"start":{"line":103,"column":0},"end":{"line":103,"column":0}},"103":{"start":{"line":104,"column":0},"end":{"line":104,"column":3}},"104":{"start":{"line":105,"column":0},"end":{"line":105,"column":8}},"105":{"start":{"line":106,"column":0},"end":{"line":106,"column":12}},"106":{"start":{"line":107,"column":0},"end":{"line":107,"column":11}},"107":{"start":{"line":108,"column":0},"end":{"line":108,"column":3}},"108":{"start":{"line":109,"column":0},"end":{"line":109,"column":67}},"109":{"start":{"line":110,"column":0},"end":{"line":110,"column":41}},"110":{"start":{"line":111,"column":0},"end":{"line":111,"column":17}},"111":{"start":{"line":112,"column":0},"end":{"line":112,"column":1}},"112":{"start":{"line":113,"column":0},"end":{"line":113,"column":3}},"113":{"start":{"line":114,"column":0},"end":{"line":114,"column":8}},"114":{"start":{"line":115,"column":0},"end":{"line":115,"column":12}},"115":{"start":{"line":116,"column":0},"end":{"line":116,"column":15}},"116":{"start":{"line":117,"column":0},"end":{"line":117,"column":14}},"117":{"start":{"line":118,"column":0},"end":{"line":118,"column":11}},"118":{"start":{"line":119,"column":0},"end":{"line":119,"column":3}},"119":{"start":{"line":120,"column":0},"end":{"line":120,"column":96}},"120":{"start":{"line":121,"column":0},"end":{"line":121,"column":41}},"121":{"start":{"line":122,"column":0},"end":{"line":122,"column":17}},"122":{"start":{"line":123,"column":0},"end":{"line":123,"column":1}},"123":{"start":{"line":124,"column":0},"end":{"line":124,"column":3}},"124":{"start":{"line":125,"column":0},"end":{"line":125,"column":8}},"125":{"start":{"line":126,"column":0},"end":{"line":126,"column":12}},"126":{"start":{"line":127,"column":0},"end":{"line":127,"column":15}},"127":{"start":{"line":128,"column":0},"end":{"line":128,"column":18}},"128":{"start":{"line":129,"column":0},"end":{"line":129,"column":18}},"129":{"start":{"line":130,"column":0},"end":{"line":130,"column":11}},"130":{"start":{"line":131,"column":0},"end":{"line":131,"column":3}},"131":{"start":{"line":132,"column":0},"end":{"line":132,"column":37}},"132":{"start":{"line":133,"column":0},"end":{"line":133,"column":15}},"133":{"start":{"line":134,"column":0},"end":{"line":134,"column":17}},"134":{"start":{"line":135,"column":0},"end":{"line":135,"column":21}},"135":{"start":{"line":136,"column":0},"end":{"line":136,"column":20}},"136":{"start":{"line":137,"column":0},"end":{"line":137,"column":21}},"137":{"start":{"line":138,"column":0},"end":{"line":138,"column":41}},"138":{"start":{"line":139,"column":0},"end":{"line":139,"column":17}},"139":{"start":{"line":140,"column":0},"end":{"line":140,"column":1}}},"s":{"0":1,"1":1,"2":1,"3":1,"4":1,"5":1,"6":1,"7":1,"8":1,"9":1,"10":1,"11":1,"12":1,"13":1,"14":1,"15":1,"16":1,"17":1,"18":1,"19":10,"20":9,"21":9,"22":9,"23":9,"24":9,"25":8,"26":8,"27":10,"28":10,"29":10,"30":8,"31":8,"32":9,"33":9,"34":5,"35":1,"36":1,"37":1,"38":1,"39":1,"40":6,"41":6,"42":6,"43":5,"44":5,"45":5,"46":5,"47":5,"48":0,"49":0,"50":0,"51":6,"52":4,"53":4,"54":6,"55":1,"56":1,"57":1,"58":1,"59":1,"60":1,"61":0,"62":0,"63":0,"64":0,"65":0,"66":0,"67":0,"68":0,"69":0,"70":0,"71":0,"72":0,"73":1,"74":1,"75":1,"76":1,"77":1,"78":1,"79":1,"80":0,"81":0,"82":0,"83":0,"84":0,"85":0,"86":0,"87":0,"88":0,"89":0,"90":0,"91":0,"92":0,"93":0,"94":1,"95":1,"96":1,"97":1,"98":0,"99":0,"100":0,"101":0,"102":1,"103":1,"104":1,"105":1,"106":1,"107":1,"108":0,"109":0,"110":0,"111":0,"112":1,"113":1,"114":1,"115":1,"116":1,"117":1,"118":1,"119":0,"120":0,"121":0,"122":0,"123":1,"124":1,"125":1,"126":1,"127":1,"128":1,"129":1,"130":1,"131":0,"132":0,"133":0,"134":0,"135":0,"136":0,"137":0,"138":0,"139":0},"branchMap":{"0":{"type":"branch","line":2,"loc":{"start":{"line":2,"column":31},"end":{"line":2,"column":108}},"locations":[{"start":{"line":2,"column":31},"end":{"line":2,"column":108}}]},"1":{"type":"branch","line":8,"loc":{"start":{"line":8,"column":7},"end":{"line":8,"column":19}},"locations":[{"start":{"line":8,"column":7},"end":{"line":8,"column":19}}]},"2":{"type":"branch","line":19,"loc":{"start":{"line":19,"column":7},"end":{"line":35,"column":1}},"locations":[{"start":{"line":19,"column":7},"end":{"line":35,"column":1}}]},"3":{"type":"branch","line":20,"loc":{"start":{"line":20,"column":25},"end":{"line":20,"column":98}},"locations":[{"start":{"line":20,"column":25},"end":{"line":20,"column":98}}]},"4":{"type":"branch","line":20,"loc":{"start":{"line":20,"column":96},"end":{"line":35,"column":1}},"locations":[{"start":{"line":20,"column":96},"end":{"line":35,"column":1}}]},"5":{"type":"branch","line":25,"loc":{"start":{"line":25,"column":29},"end":{"line":32,"column":9}},"locations":[{"start":{"line":25,"column":29},"end":{"line":32,"column":9}}]},"6":{"type":"branch","line":27,"loc":{"start":{"line":27,"column":25},"end":{"line":31,"column":13}},"locations":[{"start":{"line":27,"column":25},"end":{"line":31,"column":13}}]},"7":{"type":"branch","line":29,"loc":{"start":{"line":29,"column":41},"end":{"line":29,"column":52}},"locations":[{"start":{"line":29,"column":41},"end":{"line":29,"column":52}}]},"8":{"type":"branch","line":35,"loc":{"start":{"line":35,"column":0},"end":{"line":35,"column":1}},"locations":[{"start":{"line":35,"column":0},"end":{"line":35,"column":1}}]},"9":{"type":"branch","line":41,"loc":{"start":{"line":41,"column":0},"end":{"line":55,"column":1}},"locations":[{"start":{"line":41,"column":0},"end":{"line":55,"column":1}}]},"10":{"type":"branch","line":43,"loc":{"start":{"line":43,"column":25},"end":{"line":43,"column":89}},"locations":[{"start":{"line":43,"column":25},"end":{"line":43,"column":89}}]},"11":{"type":"branch","line":43,"loc":{"start":{"line":43,"column":87},"end":{"line":48,"column":10}},"locations":[{"start":{"line":43,"column":87},"end":{"line":48,"column":10}}]},"12":{"type":"branch","line":48,"loc":{"start":{"line":48,"column":8},"end":{"line":52,"column":6}},"locations":[{"start":{"line":48,"column":8},"end":{"line":52,"column":6}}]},"13":{"type":"branch","line":52,"loc":{"start":{"line":52,"column":4},"end":{"line":54,"column":5}},"locations":[{"start":{"line":52,"column":4},"end":{"line":54,"column":5}}]},"14":{"type":"branch","line":55,"loc":{"start":{"line":55,"column":0},"end":{"line":55,"column":1}},"locations":[{"start":{"line":55,"column":0},"end":{"line":55,"column":1}}]}},"b":{"0":[4],"1":[1],"2":[10],"3":[1],"4":[9],"5":[8],"6":[10],"7":[2],"8":[5],"9":[6],"10":[1],"11":[5],"12":[0],"13":[4],"14":[6]},"fnMap":{"0":{"name":"get","decl":{"start":{"line":2,"column":31},"end":{"line":2,"column":108}},"loc":{"start":{"line":2,"column":31},"end":{"line":2,"column":108}},"line":2},"1":{"name":"get","decl":{"start":{"line":8,"column":12},"end":{"line":8,"column":19}},"loc":{"start":{"line":8,"column":12},"end":{"line":8,"column":19}},"line":8},"2":{"name":"getUrl","decl":{"start":{"line":19,"column":7},"end":{"line":35,"column":1}},"loc":{"start":{"line":19,"column":7},"end":{"line":35,"column":1}},"line":19},"3":{"name":"get","decl":{"start":{"line":35,"column":0},"end":{"line":35,"column":1}},"loc":{"start":{"line":35,"column":0},"end":{"line":35,"column":1}},"line":35},"4":{"name":"initProject","decl":{"start":{"line":41,"column":0},"end":{"line":55,"column":1}},"loc":{"start":{"line":41,"column":0},"end":{"line":55,"column":1}},"line":41},"5":{"name":"get","decl":{"start":{"line":55,"column":0},"end":{"line":55,"column":1}},"loc":{"start":{"line":55,"column":0},"end":{"line":55,"column":1}},"line":55},"6":{"name":"getResources","decl":{"start":{"line":62,"column":0},"end":{"line":73,"column":1}},"loc":{"start":{"line":62,"column":0},"end":{"line":73,"column":1}},"line":62},"7":{"name":"get","decl":{"start":{"line":73,"column":0},"end":{"line":73,"column":1}},"loc":{"start":{"line":73,"column":0},"end":{"line":73,"column":1}},"line":73},"8":{"name":"uploadFiles","decl":{"start":{"line":81,"column":0},"end":{"line":94,"column":1}},"loc":{"start":{"line":81,"column":0},"end":{"line":94,"column":1}},"line":81},"9":{"name":"get","decl":{"start":{"line":94,"column":0},"end":{"line":94,"column":1}},"loc":{"start":{"line":94,"column":0},"end":{"line":94,"column":1}},"line":94},"10":{"name":"getProjects","decl":{"start":{"line":99,"column":0},"end":{"line":102,"column":1}},"loc":{"start":{"line":99,"column":0},"end":{"line":102,"column":1}},"line":99},"11":{"name":"get","decl":{"start":{"line":102,"column":0},"end":{"line":102,"column":1}},"loc":{"start":{"line":102,"column":0},"end":{"line":102,"column":1}},"line":102},"12":{"name":"removeProject","decl":{"start":{"line":109,"column":0},"end":{"line":112,"column":1}},"loc":{"start":{"line":109,"column":0},"end":{"line":112,"column":1}},"line":109},"13":{"name":"get","decl":{"start":{"line":112,"column":0},"end":{"line":112,"column":1}},"loc":{"start":{"line":112,"column":0},"end":{"line":112,"column":1}},"line":112},"14":{"name":"removeResource","decl":{"start":{"line":120,"column":0},"end":{"line":123,"column":1}},"loc":{"start":{"line":120,"column":0},"end":{"line":123,"column":1}},"line":120},"15":{"name":"get","decl":{"start":{"line":123,"column":0},"end":{"line":123,"column":1}},"loc":{"start":{"line":123,"column":0},"end":{"line":123,"column":1}},"line":123},"16":{"name":"renameResource","decl":{"start":{"line":132,"column":0},"end":{"line":140,"column":1}},"loc":{"start":{"line":132,"column":0},"end":{"line":140,"column":1}},"line":132},"17":{"name":"get","decl":{"start":{"line":140,"column":0},"end":{"line":140,"column":1}},"loc":{"start":{"line":140,"column":0},"end":{"line":140,"column":1}},"line":140}},"f":{"0":4,"1":0,"2":10,"3":5,"4":6,"5":6,"6":0,"7":0,"8":0,"9":0,"10":0,"11":0,"12":0,"13":0,"14":0,"15":0,"16":0,"17":0}}
}
